[000000] pfr_play trace started
[000000] callback1 -> NULL ((nil))
[000000] callback2 -> CB2_InitCopyrightScreenAfterBootup (0x405a30)
[000135] framebuffer nearly uniform for 120 frames, color=0xFF000000 callback2=CB2_InitCopyrightScreenAfterBootup
[000164] callback2 -> (unknown) (0x404aa0)
[000165] callback2 -> (unknown) (0x402320)
[000168] callback2 -> (unknown) (0x402300)
[001260] callback2 -> CB2_InitTitleScreen (0x407160)
[001263] callback2 -> (unknown) (0x405be0)
[004032] callback2 -> (unknown) (0x405ab0)
[004167] framebuffer nearly uniform for 120 frames, color=0xFF000000 callback2=(unknown)
[004196] callback2 -> (unknown) (0x404aa0)
[004197] callback2 -> (unknown) (0x402320)
[004200] callback2 -> (unknown) (0x402300)
[005292] callback2 -> CB2_InitTitleScreen (0x407160)
[005295] callback2 -> (unknown) (0x405be0)
[008064] callback2 -> (unknown) (0x405ab0)
[008199] framebuffer nearly uniform for 120 frames, color=0xFF000000 callback2=(unknown)
[008228] callback2 -> (unknown) (0x404aa0)
[008229] callback2 -> (unknown) (0x402320)
[008232] callback2 -> (unknown) (0x402300)
[009324] callback2 -> CB2_InitTitleScreen (0x407160)
[009327] callback2 -> (unknown) (0x405be0)
[012096] callback2 -> (unknown) (0x405ab0)
[012231] framebuffer nearly uniform for 120 frames, color=0xFF000000 callback2=(unknown)
[012260] callback2 -> (unknown) (0x404aa0)
[012261] callback2 -> (unknown) (0x402320)
[012264] callback2 -> (unknown) (0x402300)
[013356] callback2 -> CB2_InitTitleScreen (0x407160)
[013359] callback2 -> (unknown) (0x405be0)
